[debug] [2025-04-10T18:59:41.862Z] ----------------------------------------------------------------------
[debug] [2025-04-10T18:59:41.865Z] Command:       /home/roshanubuntu/.nvm/versions/node/v22.14.0/bin/node /home/roshanubuntu/.nvm/versions/node/v22.14.0/bin/firebase init
[debug] [2025-04-10T18:59:41.866Z] CLI Version:   14.1.0
[debug] [2025-04-10T18:59:41.866Z] Platform:      linux
[debug] [2025-04-10T18:59:41.866Z] Node Version:  v22.14.0
[debug] [2025-04-10T18:59:41.867Z] Time:          Fri Apr 11 2025 00:29:41 GMT+0530 (India Standard Time)
[debug] [2025-04-10T18:59:41.867Z] ----------------------------------------------------------------------
[debug] 
[debug] [2025-04-10T18:59:42.173Z] > command requires scopes: ["email","openid","https://www.googleapis.com/auth/cloudplatformprojects.readonly","https://www.googleapis.com/auth/firebase","https://www.googleapis.com/auth/cloud-platform"]
[debug] [2025-04-10T18:59:42.174Z] > authorizing via signed-in user (a02157850@gmail.com)
[info] 
     ######## #### ########  ######## ########     ###     ######  ########
     ##        ##  ##     ## ##       ##     ##  ##   ##  ##       ##
     ######    ##  ########  ######   ########  #########  ######  ######
     ##        ##  ##    ##  ##       ##     ## ##     ##       ## ##
     ##       #### ##     ## ######## ########  ##     ##  ######  ########

You're about to initialize a Firebase project in this directory:

  /home/roshanubuntu/Research&ContentLab/Thought Current/ThoughtCurrent

Before we get started, keep in mind:

  * You are initializing within an existing Firebase project directory

[info] 
=== Project Setup
[info] 
[info] First, let's associate this project directory with a Firebase project.
[info] You can create multiple project aliases by running firebase use --add, 
[info] but for now we'll just set up a default project.
[info] 
[debug] [2025-04-10T18:59:44.507Z] Using project from CLI flag: psychic-fold-455618-b9
[debug] [2025-04-10T18:59:44.508Z] Checked if tokens are valid: false, expires at: 1744117658161
[debug] [2025-04-10T18:59:44.508Z] Checked if tokens are valid: false, expires at: 1744117658161
[debug] [2025-04-10T18:59:44.509Z] > refreshing access token with scopes: []
[debug] [2025-04-10T18:59:44.511Z] >>> [apiv2][query] POST https://www.googleapis.com/oauth2/v3/token [none]
[debug] [2025-04-10T18:59:44.512Z] >>> [apiv2][body] POST https://www.googleapis.com/oauth2/v3/token [omitted]
[debug] [2025-04-10T18:59:45.090Z] <<< [apiv2][status] POST https://www.googleapis.com/oauth2/v3/token 200
[debug] [2025-04-10T18:59:45.091Z] <<< [apiv2][body] POST https://www.googleapis.com/oauth2/v3/token [omitted]
[debug] [2025-04-10T18:59:45.106Z] >>> [apiv2][query] GET https://firebase.googleapis.com/v1beta1/projects/psychic-fold-455618-b9 [none]
[debug] [2025-04-10T18:59:46.226Z] <<< [apiv2][status] GET https://firebase.googleapis.com/v1beta1/projects/psychic-fold-455618-b9 200
[debug] [2025-04-10T18:59:46.226Z] <<< [apiv2][body] GET https://firebase.googleapis.com/v1beta1/projects/psychic-fold-455618-b9 {"projectId":"psychic-fold-455618-b9","projectNumber":"94689876174","displayName":"Thought Current","name":"projects/psychic-fold-455618-b9","resources":{"hostingSite":"psychic-fold-455618-b9"},"state":"ACTIVE","etag":"1_0effa527-14a5-4ee8-9de6-1d9805578a4a"}
[info] i  Using project psychic-fold-455618-b9 (Thought Current) 
[info] 
=== Functions Setup
[debug] [2025-04-10T18:59:46.240Z] > command requires scopes: ["email","openid","https://www.googleapis.com/auth/cloudplatformprojects.readonly","https://www.googleapis.com/auth/firebase","https://www.googleapis.com/auth/cloud-platform"]
[debug] [2025-04-10T18:59:46.241Z] > authorizing via signed-in user (a02157850@gmail.com)
[debug] [2025-04-10T18:59:46.241Z] [iam] checking project psychic-fold-455618-b9 for permissions ["firebase.projects.get"]
[debug] [2025-04-10T18:59:46.241Z] Checked if tokens are valid: true, expires at: 1744315184091
[debug] [2025-04-10T18:59:46.242Z] Checked if tokens are valid: true, expires at: 1744315184091
[debug] [2025-04-10T18:59:46.242Z] >>> [apiv2][query] POST https://cloudresourcemanager.googleapis.com/v1/projects/psychic-fold-455618-b9:testIamPermissions [none]
[debug] [2025-04-10T18:59:46.242Z] >>> [apiv2][(partial)header] POST https://cloudresourcemanager.googleapis.com/v1/projects/psychic-fold-455618-b9:testIamPermissions x-goog-quota-user=projects/psychic-fold-455618-b9
[debug] [2025-04-10T18:59:46.242Z] >>> [apiv2][body] POST https://cloudresourcemanager.googleapis.com/v1/projects/psychic-fold-455618-b9:testIamPermissions {"permissions":["firebase.projects.get"]}
[debug] [2025-04-10T18:59:48.430Z] <<< [apiv2][status] POST https://cloudresourcemanager.googleapis.com/v1/projects/psychic-fold-455618-b9:testIamPermissions 200
[debug] [2025-04-10T18:59:48.430Z] <<< [apiv2][body] POST https://cloudresourcemanager.googleapis.com/v1/projects/psychic-fold-455618-b9:testIamPermissions {"permissions":["firebase.projects.get"]}
[debug] [2025-04-10T18:59:48.431Z] Checked if tokens are valid: true, expires at: 1744315184091
[debug] [2025-04-10T18:59:48.431Z] Checked if tokens are valid: true, expires at: 1744315184091
[debug] [2025-04-10T18:59:48.431Z] Checked if tokens are valid: true, expires at: 1744315184091
[debug] [2025-04-10T18:59:48.431Z] Checked if tokens are valid: true, expires at: 1744315184091
[debug] [2025-04-10T18:59:48.431Z] >>> [apiv2][query] GET https://serviceusage.googleapis.com/v1/projects/psychic-fold-455618-b9/services/cloudfunctions.googleapis.com [none]
[debug] [2025-04-10T18:59:48.432Z] >>> [apiv2][(partial)header] GET https://serviceusage.googleapis.com/v1/projects/psychic-fold-455618-b9/services/cloudfunctions.googleapis.com x-goog-quota-user=projects/psychic-fold-455618-b9
[debug] [2025-04-10T18:59:48.433Z] >>> [apiv2][query] GET https://serviceusage.googleapis.com/v1/projects/psychic-fold-455618-b9/services/runtimeconfig.googleapis.com [none]
[debug] [2025-04-10T18:59:48.433Z] >>> [apiv2][(partial)header] GET https://serviceusage.googleapis.com/v1/projects/psychic-fold-455618-b9/services/runtimeconfig.googleapis.com x-goog-quota-user=projects/psychic-fold-455618-b9
